#
# There is insufficient memory for the Java Runtime Environment to continue.
# Native memory allocation (mmap) failed to map 130023424 bytes for Failed to commit area from 0x0000000085e00000 to 0x000000008da00000 of length 130023424.
# Possible reasons:
#   The system is out of physical RAM or swap space
#   The process is running with CompressedOops enabled, and the Java Heap may be blocking the growth of the native heap
# Possible solutions:
#   Reduce memory load on the system
#   Increase physical memory or swap space
#   Check if swap backing store is full
#   Decrease Java heap size (-Xmx/-Xms)
#   Decrease number of Java threads
#   Decrease Java thread stack sizes (-Xss)
#   Set larger code cache with -XX:ReservedCodeCacheSize=
# This output file may be truncated or incomplete.
#
#  Out of Memory Error (src/hotspot/os/windows/os_windows.cpp:3627), pid=14988, tid=14304
#
# JRE version:  (11.0.15) (build )
# Java VM: OpenJDK 64-Bit Server VM (11.0.15+0-b2043.56-9505619, mixed mode, sharing, tiered, compressed oops, g1 gc, windows-amd64)
# No core dump will be written. Minidumps are not enabled by default on client versions of Windows
#

---------------  S U M M A R Y ------------

Command Line: org.jetbrains.kotlin.cli.jvm.K2JVMCompiler @E:\flutter projects\Lets_do_Laces_Together-main\build\smart_auth\20230408_8774955460272503743.compiler.options

Host: Intel(R) Core(TM) i5-8350U CPU @ 1.70GHz, 8 cores, 7G,  Windows 10 , 64 bit Build 19041 (10.0.19041.2546)
Time: Sat Apr  8 15:44:42 2023 Pakistan Standard Time elapsed time: 0.018264 seconds (0d 0h 0m 0s)

---------------  T H R E A D  ---------------

Current thread (0x000002436e014800):  JavaThread "Unknown thread" [_thread_in_vm, id=14304, stack(0x000000abafa00000,0x000000abafb00000)]

Stack: [0x000000abafa00000,0x000000abafb00000]
Native frames: (J=compiled Java code, j=interpreted, Vv=VM code, C=native code)
V  [jvm.dll+0x64135a]
V  [jvm.dll+0x7d39f9]
V  [jvm.dll+0x7d51b9]
V  [jvm.dll+0x7d58a3]
V  [jvm.dll+0x2691c5]
V  [jvm.dll+0x63e4e9]
V  [jvm.dll+0x632985]
V  [jvm.dll+0x3231ac]
V  [jvm.dll+0x323032]
V  [jvm.dll+0x327c06]
V  [jvm.dll+0x36ffa2]
V  [jvm.dll+0x36fa01]
V  [jvm.dll+0x2fea28]
V  [jvm.dll+0x2ffb25]
V  [jvm.dll+0x7accd7]
V  [jvm.dll+0x7ae49f]
V  [jvm.dll+0x37d299]
V  [jvm.dll+0x78ef9f]
V  [jvm.dll+0x3ec847]
V  [jvm.dll+0x3eed31]
C  [jli.dll+0x52cb]
C  [ucrtbase.dll+0x21bb2]
C  [KERNEL32.DLL+0x17614]
C  [ntdll.dll+0x526a1]


---------------  P R O C E S S  ---------------

Threads class SMR info:
_java_thread_list=0x000002436bdd1f00, length=0, elements={
}

Java Threads: ( => current thread )

Other Threads:
  0x000002436e02d800 GCTaskThread "GC Thread#0" [stack: 0x000000abafb00000,0x000000abafc00000] [id=6584]
  0x000002436e05f800 ConcurrentGCThread "G1 Main Marker" [stack: 0x000000abafc00000,0x000000abafd00000] [id=3568]
  0x000002436e062000 ConcurrentGCThread "G1 Conc#0" [stack: 0x000000abafd00000,0x000000abafe00000] [id=14460]

[error occurred during error reporting (printing all threads), id 0xc0000005, EXCEPTION_ACCESS_VIOLATION (0xc0000005) at pc=0x00007ffbba78f3e7]

VM state:not at safepoint (not fully initialized)

VM Mutex/Monitor currently owned by a thread:  ([mutex/lock_event])
[0x000002436e011d00] Heap_lock - owner thread: 0x000002436e014800

Heap address: 0x0000000085e00000, size: 1954 MB, Compressed Oops mode: Non-zero based: 0x0000000085e00000
Narrow klass base: 0x0000000000000000, Narrow klass shift: 0

GC Heap History (0 events):
No events

Deoptimization events (0 events):
No events

Classes redefined (0 events):
No events

Internal exceptions (0 events):
No events

Events (1 events):
Event: 0.012 Loaded shared library C:\Program Files\Android\Android Studio\jbr\bin\zip.dll


Dynamic libraries:
0x00007ff7f0720000 - 0x00007ff7f072a000 	C:\Program Files\Android\Android Studio\jbr\bin\java.exe
0x00007ffc47b50000 - 0x00007ffc47d48000 	C:\Windows\SYSTEM32\ntdll.dll
0x00007ffc46480000 - 0x00007ffc4653f000 	C:\Windows\System32\KERNEL32.DLL
0x00007ffc458c0000 - 0x00007ffc45b92000 	C:\Windows\System32\KERNELBASE.dll
0x00007ffc455c0000 - 0x00007ffc456c0000 	C:\Windows\System32\ucrtbase.dll
0x00007ffc1bc90000 - 0x00007ffc1bca7000 	C:\Program Files\Android\Android Studio\jbr\bin\jli.dll
0x00007ffc1bc70000 - 0x00007ffc1bc8b000 	C:\Program Files\Android\Android Studio\jbr\bin\VCRUNTIME140.dll
0x00007ffc46130000 - 0x00007ffc462d1000 	C:\Windows\System32\USER32.dll
0x00007ffc45590000 - 0x00007ffc455b2000 	C:\Windows\System32\win32u.dll
0x00007ffc243e0000 - 0x00007ffc2467a000 	C:\Windows\WinSxS\amd64_microsoft.windows.common-controls_6595b64144ccf1df_6.0.19041.1110_none_60b5254171f9507e\COMCTL32.dll
0x00007ffc46c40000 - 0x00007ffc46c6b000 	C:\Windows\System32\GDI32.dll
0x00007ffc45250000 - 0x00007ffc4535f000 	C:\Windows\System32\gdi32full.dll
0x00007ffc46030000 - 0x00007ffc460ce000 	C:\Windows\System32\msvcrt.dll
0x00007ffc45360000 - 0x00007ffc453fd000 	C:\Windows\System32\msvcp_win.dll
0x00007ffc46f50000 - 0x00007ffc46f80000 	C:\Windows\System32\IMM32.DLL
0x00007ffc1c7f0000 - 0x00007ffc1c7fc000 	C:\Program Files\Android\Android Studio\jbr\bin\vcruntime140_1.dll
0x00007ffc0fc00000 - 0x00007ffc0fc8d000 	C:\Program Files\Android\Android Studio\jbr\bin\msvcp140.dll
0x00007ffbba480000 - 0x00007ffbbb03c000 	C:\Program Files\Android\Android Studio\jbr\bin\server\jvm.dll
0x00007ffc46550000 - 0x00007ffc465fe000 	C:\Windows\System32\ADVAPI32.dll
0x00007ffc46fe0000 - 0x00007ffc4707c000 	C:\Windows\System32\sechost.dll
0x00007ffc46c70000 - 0x00007ffc46d94000 	C:\Windows\System32\RPCRT4.dll
0x00007ffc46470000 - 0x00007ffc46478000 	C:\Windows\System32\PSAPI.DLL
0x00007ffc218e0000 - 0x00007ffc218e9000 	C:\Windows\SYSTEM32\WSOCK32.dll
0x00007ffc466e0000 - 0x00007ffc4674b000 	C:\Windows\System32\WS2_32.dll
0x00007ffc389c0000 - 0x00007ffc389ca000 	C:\Windows\SYSTEM32\VERSION.dll
0x00007ffc2e190000 - 0x00007ffc2e1b7000 	C:\Windows\SYSTEM32\WINMM.dll
0x00007ffc43aa0000 - 0x00007ffc43ab2000 	C:\Windows\SYSTEM32\kernel.appcore.dll
0x00007ffc1bc60000 - 0x00007ffc1bc70000 	C:\Program Files\Android\Android Studio\jbr\bin\verify.dll
0x00007ffc43020000 - 0x00007ffc43204000 	C:\Windows\SYSTEM32\DBGHELP.DLL
0x00007ffc2f3d0000 - 0x00007ffc2f405000 	C:\Windows\SYSTEM32\dbgcore.DLL
0x00007ffc45710000 - 0x00007ffc45792000 	C:\Windows\System32\bcryptPrimitives.dll
0x00007ffc0fbd0000 - 0x00007ffc0fbf8000 	C:\Program Files\Android\Android Studio\jbr\bin\java.dll
0x00007ffc1bc50000 - 0x00007ffc1bc5a000 	C:\Program Files\Android\Android Studio\jbr\bin\jimage.dll
0x00007ffc10fc0000 - 0x00007ffc10fd8000 	C:\Program Files\Android\Android Studio\jbr\bin\zip.dll

dbghelp: loaded successfully - version: 4.0.5 - missing functions: none
symbol engine: initialized successfully - sym options: 0x614 - pdb path: .;C:\Program Files\Android\Android Studio\jbr\bin;C:\Windows\SYSTEM32;C:\Windows\WinSxS\amd64_microsoft.windows.common-controls_6595b64144ccf1df_6.0.19041.1110_none_60b5254171f9507e;C:\Program Files\Android\Android Studio\jbr\bin\server

VM Arguments:
java_command: org.jetbrains.kotlin.cli.jvm.K2JVMCompiler @E:\flutter projects\Lets_do_Laces_Together-main\build\smart_auth\20230408_8774955460272503743.compiler.options
java_class_path (initial): C:\Users\hp\.gradle\caches\modules-2\files-2.1\org.jetbrains.kotlin\kotlin-compiler-embeddable\1.6.10\88f2073f4020cdb83132cfe940ceb9a60aba54ea\kotlin-compiler-embeddable-1.6.10.jar;C:\Users\hp\.gradle\caches\modules-2\files-2.1\org.jetbrains.kotlin\kotlin-reflect\1.6.10\1cbe9c92c12a94eea200d23c2bbaedaf3daf5132\kotlin-reflect-1.6.10.jar;C:\Users\hp\.gradle\caches\modules-2\files-2.1\org.jetbrains.kotlin\kotlin-stdlib\1.6.10\b8af3fe6f1ca88526914929add63cf5e7c5049af\kotlin-stdlib-1.6.10.jar;C:\Users\hp\.gradle\caches\modules-2\files-2.1\org.jetbrains.kotlin\kotlin-script-runtime\1.6.10\d0a7ff2e2500ef497ed0214ae40ad3c8387a6164\kotlin-script-runtime-1.6.10.jar;C:\Users\hp\.gradle\caches\modules-2\files-2.1\org.jetbrains.kotlin\kotlin-daemon-embeddable\1.6.10\a56d79bcbea411fa6058e4ecffc2de73e742bd2a\kotlin-daemon-embeddable-1.6.10.jar;C:\Users\hp\.gradle\caches\modules-2\files-2.1\org.jetbrains.intellij.deps\trove4j\1.0.20181211\216c2e14b070f334479d800987affe4054cd563f\trove4j-1.0.20181211.jar;C:\Users\hp\.gradle\caches\modules-2\files-2.1\net.java.dev.jna\jna\5.6.0\330f2244e9030119ab3030fc3fededc86713d9cc\jna-5.6.0.jar;C:\Users\hp\.gradle\caches\modules-2\files-2.1\org.jetbrains\annotations\13.0\919f0dfe192fb4e063e7dacadee7f8bb9a2672a9\annotations-13.0.jar;C:\Users\hp\.gradle\caches\modules-2\files-2.1\org.jetbrains.kotlin\kotlin-stdlib-common\1.6.10\c118700e3a33c8a0d9adc920e9dec0831171925\kotlin-stdlib-common-1.6.10.jar
Launcher Type: SUN_STANDARD

[Global flags]
     intx CICompilerCount                          = 4                                         {product} {ergonomic}
     uint ConcGCThreads                            = 2                                         {product} {ergonomic}
     uint G1ConcRefinementThreads                  = 8                                         {product} {ergonomic}
   size_t G1HeapRegionSize                         = 1048576                                   {product} {ergonomic}
    uintx GCDrainStackTargetSize                   = 64                                        {product} {ergonomic}
   size_t InitialHeapSize                          = 130023424                                 {product} {ergonomic}
   size_t MarkStackSize                            = 4194304                                   {product} {ergonomic}
   size_t MaxHeapSize                              = 2048917504                                {product} {ergonomic}
   size_t MinHeapDeltaBytes                        = 1048576                                   {product} {ergonomic}
    uintx NonNMethodCodeHeapSize                   = 5836300                                {pd product} {ergonomic}
    uintx NonProfiledCodeHeapSize                  = 122910970                              {pd product} {ergonomic}
    uintx ProfiledCodeHeapSize                     = 122910970                              {pd product} {ergonomic}
    uintx ReservedCodeCacheSize                    = 251658240                              {pd product} {ergonomic}
     bool SegmentedCodeCache                       = true                                      {product} {ergonomic}
     bool UseCompressedClassPointers               = true                                 {lp64_product} {ergonomic}
     bool UseCompressedOops                        = true                                 {lp64_product} {ergonomic}
     bool UseG1GC                                  = true                                      {product} {ergonomic}
     bool UseLargePagesIndividualAllocation        = false                                  {pd product} {ergonomic}

Logging:
Log output configuration:
 #0: stdout all=warning uptime,level,tags
 #1: stderr all=off uptime,level,tags

Environment Variables:
JAVA_HOME=C:\Program Files\Android\Android Studio\jbr
CLASSPATH=E:\flutter projects\Lets_do_Laces_Together-main\android\\gradle\wrapper\gradle-wrapper.jar
PATH=C:\Program Files\Common Files\Oracle\Java\javapath;C:\Windows\system32;C:\Windows;C:\Windows\System32\Wbem;C:\Windows\System32\WindowsPowerShell\v1.0\;C:\Windows\System32\OpenSSH\;C:\Program Files (x86)\Intel\Intel(R) Management Engine Components\DAL;C:\Program Files\Intel\Intel(R) Management Engine Components\DAL;C:\Program Files\nodejs\;C:\Program Files\Java\jdk-19\bin;C:\Program Files\Git\cmd;C:\Users\hp\AppData\Local\Pub\Cache\bin;C:\Users\hp\AppData\Local\Programs\Python\Python311\Scripts\;C:\Users\hp\AppData\Local\Programs\Python\Python311\;C:\Users\hp\AppData\Local\Microsoft\WindowsApps;C:\Users\hp\AppData\Roaming\npm;C:\Users\hp\AppData\Local\Programs\Microsoft VS Code\bin;C:\src\flutter\bin;;C:\src\flutter\bin\mingit\cmd
USERNAME=hp
OS=Windows_NT
PROCESSOR_IDENTIFIER=Intel64 Family 6 Model 142 Stepping 10, GenuineIntel



---------------  S Y S T E M  ---------------

OS: Windows 10 , 64 bit Build 19041 (10.0.19041.2546)
OS uptime: 0 days 2:48 hours

CPU:total 8 (initial active 8) (4 cores per cpu, 2 threads per core) family 6 model 142 stepping 10 microcode 0xf0, cmov, cx8, fxsr, mmx, sse, sse2, sse3, ssse3, sse4.1, sse4.2, popcnt, avx, avx2, aes, clmul, erms, rtm, 3dnowpref, lzcnt, ht, tsc, tscinvbit, bmi1, bmi2, adx, fma

Memory: 4k page, system-wide physical 7811M (568M free)
TotalPageFile size 14061M (AvailPageFile size 22M)
current process WorkingSet (physical memory assigned to process): 10M, peak: 10M
current process commit charge ("private bytes"): 59M, peak: 183M

vm_info: OpenJDK 64-Bit Server VM (11.0.15+0-b2043.56-9505619) for windows-amd64 JRE (11.0.15+0-b2043.56-9505619), built on Jan 19 2023 02:48:00 by "builduser" with unknown MS VC++:1929

END.
