#
# There is insufficient memory for the Java Runtime Environment to continue.
# Native memory allocation (malloc) failed to allocate 459056 bytes for Chunk::new
# Possible reasons:
#   The system is out of physical RAM or swap space
#   The process is running with CompressedOops enabled, and the Java Heap may be blocking the growth of the native heap
# Possible solutions:
#   Reduce memory load on the system
#   Increase physical memory or swap space
#   Check if swap backing store is full
#   Decrease Java heap size (-Xmx/-Xms)
#   Decrease number of Java threads
#   Decrease Java thread stack sizes (-Xss)
#   Set larger code cache with -XX:ReservedCodeCacheSize=
#   JVM is running with Unscaled Compressed Oops mode in which the Java heap is
#     placed in the first 4GB address space. The Java Heap base address is the
#     maximum limit for the native heap growth. Please use -XX:HeapBaseMinAddress
#     to set the Java Heap base and to place the Java Heap above 4GB virtual address.
# This output file may be truncated or incomplete.
#
#  Out of Memory Error (src/hotspot/share/memory/arena.cpp:197), pid=7196, tid=10896
#
# JRE version: OpenJDK Runtime Environment (11.0.15) (build 11.0.15+0-b2043.56-9505619)
# Java VM: OpenJDK 64-Bit Server VM (11.0.15+0-b2043.56-9505619, mixed mode, tiered, compressed oops, g1 gc, windows-amd64)
# No core dump will be written. Minidumps are not enabled by default on client versions of Windows
#

---------------  S U M M A R Y ------------

Command Line: --add-opens=java.base/java.util=ALL-UNNAMED --add-opens=java.base/java.lang=ALL-UNNAMED --add-opens=java.base/java.lang.invoke=ALL-UNNAMED --add-opens=java.base/java.util=ALL-UNNAMED --add-opens=java.prefs/java.util.prefs=ALL-UNNAMED --add-opens=java.prefs/java.util.prefs=ALL-UNNAMED --add-opens=java.base/java.nio.charset=ALL-UNNAMED --add-opens=java.base/java.net=ALL-UNNAMED --add-opens=java.base/java.util.concurrent.atomic=ALL-UNNAMED -Xmx1536M -Dfile.encoding=windows-1252 -Duser.country=US -Duser.language=en -Duser.variant org.gradle.launcher.daemon.bootstrap.GradleDaemon 7.4

Host: Intel(R) Core(TM) i5-8350U CPU @ 1.70GHz, 8 cores, 7G,  Windows 10 , 64 bit Build 19041 (10.0.19041.2546)
Time: Sun Apr  9 13:00:15 2023 Pakistan Standard Time elapsed time: 3.943474 seconds (0d 0h 0m 3s)

---------------  T H R E A D  ---------------

Current thread (0x00000218ec2cc000):  JavaThread "C2 CompilerThread0" daemon [_thread_in_native, id=10896, stack(0x000000be72d00000,0x000000be72e00000)]


Current CompileTask:
C2:   3943 1940   !   4       java.util.zip.InflaterInputStream::read (138 bytes)

Stack: [0x000000be72d00000,0x000000be72e00000]
Native frames: (J=compiled Java code, j=interpreted, Vv=VM code, C=native code)
V  [jvm.dll+0x64135a]
V  [jvm.dll+0x7d39f9]
V  [jvm.dll+0x7d51b9]
V  [jvm.dll+0x7d58a3]
V  [jvm.dll+0x2691c5]
V  [jvm.dll+0xc1a5c]
V  [jvm.dll+0xc200c]
V  [jvm.dll+0x3774a7]
V  [jvm.dll+0x342495]
V  [jvm.dll+0x34186a]
V  [jvm.dll+0x2214bd]
V  [jvm.dll+0x220498]
V  [jvm.dll+0x19e851]
V  [jvm.dll+0x230479]
V  [jvm.dll+0x22e5ef]
V  [jvm.dll+0x794de1]
V  [jvm.dll+0x78dc24]
V  [jvm.dll+0x6400f6]
C  [ucrtbase.dll+0x21bb2]
C  [KERNEL32.DLL+0x17614]
C  [ntdll.dll+0x526a1]


---------------  P R O C E S S  ---------------

Threads class SMR info:
_java_thread_list=0x00000218ee68b890, length=23, elements={
0x00000218d27a6800, 0x00000218eb920800, 0x00000218eb94c800, 0x00000218ec2c3800,
0x00000218ec2ca000, 0x00000218ec2cb000, 0x00000218ec2cc000, 0x00000218ec2cd000,
0x00000218ec2d2800, 0x00000218ec42b800, 0x00000218ee090800, 0x00000218edd68800,
0x00000218ed5a8800, 0x00000218edc0b000, 0x00000218edc0b800, 0x00000218ede33800,
0x00000218ede34000, 0x00000218edcb2800, 0x00000218edcb3800, 0x00000218ed664800,
0x00000218ee3cf000, 0x00000218ee3d3000, 0x00000218ee3d2000
}

Java Threads: ( => current thread )
  0x00000218d27a6800 JavaThread "main" [_thread_blocked, id=2372, stack(0x000000be72100000,0x000000be72200000)]
  0x00000218eb920800 JavaThread "Reference Handler" daemon [_thread_blocked, id=11804, stack(0x000000be72800000,0x000000be72900000)]
  0x00000218eb94c800 JavaThread "Finalizer" daemon [_thread_blocked, id=4988, stack(0x000000be72900000,0x000000be72a00000)]
  0x00000218ec2c3800 JavaThread "Signal Dispatcher" daemon [_thread_blocked, id=8604, stack(0x000000be72a00000,0x000000be72b00000)]
  0x00000218ec2ca000 JavaThread "Attach Listener" daemon [_thread_blocked, id=6220, stack(0x000000be72b00000,0x000000be72c00000)]
  0x00000218ec2cb000 JavaThread "Service Thread" daemon [_thread_blocked, id=3100, stack(0x000000be72c00000,0x000000be72d00000)]
=>0x00000218ec2cc000 JavaThread "C2 CompilerThread0" daemon [_thread_in_native, id=10896, stack(0x000000be72d00000,0x000000be72e00000)]
  0x00000218ec2cd000 JavaThread "C1 CompilerThread0" daemon [_thread_blocked, id=2472, stack(0x000000be72e00000,0x000000be72f00000)]
  0x00000218ec2d2800 JavaThread "Sweeper thread" daemon [_thread_blocked, id=592, stack(0x000000be72f00000,0x000000be73000000)]
  0x00000218ec42b800 JavaThread "Common-Cleaner" daemon [_thread_blocked, id=12952, stack(0x000000be73000000,0x000000be73100000)]
  0x00000218ee090800 JavaThread "Daemon health stats" [_thread_blocked, id=11940, stack(0x000000be73300000,0x000000be73400000)]
  0x00000218edd68800 JavaThread "Incoming local TCP Connector on port 62949" [_thread_in_native, id=12592, stack(0x000000be73400000,0x000000be73500000)]
  0x00000218ed5a8800 JavaThread "Daemon periodic checks" [_thread_blocked, id=10068, stack(0x000000be73500000,0x000000be73600000)]
  0x00000218edc0b000 JavaThread "Daemon" [_thread_blocked, id=8300, stack(0x000000be73600000,0x000000be73700000)]
  0x00000218edc0b800 JavaThread "Handler for socket connection from /127.0.0.1:62949 to /127.0.0.1:62950" [_thread_in_native, id=1888, stack(0x000000be73700000,0x000000be73800000)]
  0x00000218ede33800 JavaThread "Cancel handler" [_thread_blocked, id=11120, stack(0x000000be73800000,0x000000be73900000)]
  0x00000218ede34000 JavaThread "Daemon worker" [_thread_blocked, id=11008, stack(0x000000be73900000,0x000000be73a00000)]
  0x00000218edcb2800 JavaThread "Asynchronous log dispatcher for DefaultDaemonConnection: socket connection from /127.0.0.1:62949 to /127.0.0.1:62950" [_thread_blocked, id=8740, stack(0x000000be73a00000,0x000000be73b00000)]
  0x00000218edcb3800 JavaThread "Stdin handler" [_thread_blocked, id=9672, stack(0x000000be73b00000,0x000000be73c00000)]
  0x00000218ed664800 JavaThread "Daemon client event forwarder" [_thread_blocked, id=1360, stack(0x000000be73c00000,0x000000be73d00000)]
  0x00000218ee3cf000 JavaThread "Cache worker for journal cache (C:\Users\hp\.gradle\caches\journal-1)" [_thread_blocked, id=5352, stack(0x000000be74300000,0x000000be74400000)]
  0x00000218ee3d3000 JavaThread "File lock request listener" [_thread_in_native, id=7092, stack(0x000000be74400000,0x000000be74500000)]
  0x00000218ee3d2000 JavaThread "Cache worker for file hash cache (C:\Users\hp\.gradle\caches\7.4\fileHashes)" [_thread_blocked, id=3184, stack(0x000000be74500000,0x000000be74600000)]

Other Threads:
  0x00000218eb91c800 VMThread "VM Thread" [stack: 0x000000be72700000,0x000000be72800000] [id=3112]
  0x00000218ec440800 WatcherThread [stack: 0x000000be73100000,0x000000be73200000] [id=6044]
  0x00000218d27bf000 GCTaskThread "GC Thread#0" [stack: 0x000000be72200000,0x000000be72300000] [id=5880]
  0x00000218eca73000 GCTaskThread "GC Thread#1" [stack: 0x000000be73200000,0x000000be73300000] [id=1808]
  0x00000218ed5a9800 GCTaskThread "GC Thread#2" [stack: 0x000000be73d00000,0x000000be73e00000] [id=3028]
  0x00000218ee242800 GCTaskThread "GC Thread#3" [stack: 0x000000be73e00000,0x000000be73f00000] [id=8928]
  0x00000218ed986000 GCTaskThread "GC Thread#4" [stack: 0x000000be73f00000,0x000000be74000000] [id=12032]
  0x00000218ed987000 GCTaskThread "GC Thread#5" [stack: 0x000000be74000000,0x000000be74100000] [id=9280]
  0x00000218ed735800 GCTaskThread "GC Thread#6" [stack: 0x000000be74100000,0x000000be74200000] [id=2988]
  0x00000218ed736800 GCTaskThread "GC Thread#7" [stack: 0x000000be74200000,0x000000be74300000] [id=11308]
  0x00000218d27e7800 ConcurrentGCThread "G1 Main Marker" [stack: 0x000000be72300000,0x000000be72400000] [id=1412]
  0x00000218d27e8800 ConcurrentGCThread "G1 Conc#0" [stack: 0x000000be72400000,0x000000be72500000] [id=10204]
  0x00000218ee7a3800 ConcurrentGCThread "G1 Conc#1" [stack: 0x000000be74600000,0x000000be74700000] [id=10044]
  0x00000218d2877000 ConcurrentGCThread "G1 Refine#0" [stack: 0x000000be72500000,0x000000be72600000] [id=11040]
  0x00000218d2878000 ConcurrentGCThread "G1 Young RemSet Sampling" [stack: 0x000000be72600000,0x000000be72700000] [id=13540]

Threads with active compile tasks:
C2 CompilerThread0     4020 1940   !   4       java.util.zip.InflaterInputStream::read (138 bytes)

VM state:at safepoint (normal execution)

VM Mutex/Monitor currently owned by a thread:  ([mutex/lock_event])
[0x00000218d27a2e00] Threads_lock - owner thread: 0x00000218eb91c800
[0x00000218d27a1d20] Heap_lock - owner thread: 0x00000218ede34000

Heap address: 0x00000000a0000000, size: 1536 MB, Compressed Oops mode: 32-bit
Narrow klass base: 0x0000000000000000, Narrow klass shift: 3
Compressed class space size: 1073741824 Address: 0x0000000100000000

Heap:
 garbage-first heap   total 126976K, used 17300K [0x00000000a0000000, 0x0000000100000000)
  region size 1024K, 1 young (1024K), 1 survivors (1024K)
 Metaspace       used 20667K, capacity 21138K, committed 21296K, reserved 1071104K
  class space    used 2481K, capacity 2626K, committed 2688K, reserved 1048576K
Heap Regions: E=young(eden), S=young(survivor), O=old, HS=humongous(starts), HC=humongous(continues), CS=collection set, F=free, A=archive, TAMS=top-at-mark-start (previous, next)
|   0|0x00000000a0000000, 0x00000000a0100000, 0x00000000a0100000|100%| O|  |TAMS 0x00000000a0000000, 0x00000000a0100000| Untracked 
|   1|0x00000000a0100000, 0x00000000a0200000, 0x00000000a0200000|100%| O|  |TAMS 0x00000000a0100000, 0x00000000a0200000| Untracked 
|   2|0x00000000a0200000, 0x00000000a0300000, 0x00000000a0300000|100%| O|  |TAMS 0x00000000a0200000, 0x00000000a0300000| Untracked 
|   3|0x00000000a0300000, 0x00000000a0400000, 0x00000000a0400000|100%|HS|  |TAMS 0x00000000a0300000, 0x00000000a0400000| Complete 
|   4|0x00000000a0400000, 0x00000000a0500000, 0x00000000a0500000|100%|HC|  |TAMS 0x00000000a0400000, 0x00000000a0500000| Complete 
|   5|0x00000000a0500000, 0x00000000a0600000, 0x00000000a0600000|100%|HC|  |TAMS 0x00000000a0500000, 0x00000000a0600000| Complete 
|   6|0x00000000a0600000, 0x00000000a0700000, 0x00000000a0700000|100%| O|  |TAMS 0x00000000a0600000, 0x00000000a0700000| Untracked 
|   7|0x00000000a0700000, 0x00000000a0800000, 0x00000000a0800000|100%| O|  |TAMS 0x00000000a0700000, 0x00000000a0800000| Untracked 
|   8|0x00000000a0800000, 0x00000000a0900000, 0x00000000a0900000|100%| O|  |TAMS 0x00000000a0800000, 0x00000000a0900000| Untracked 
|   9|0x00000000a0900000, 0x00000000a0a00000, 0x00000000a0a00000|100%| O|  |TAMS 0x00000000a0900000, 0x00000000a0a00000| Untracked 
|  10|0x00000000a0a00000, 0x00000000a0b00000, 0x00000000a0b00000|100%| O|  |TAMS 0x00000000a0a00000, 0x00000000a0b00000| Untracked 
|  11|0x00000000a0b00000, 0x00000000a0c00000, 0x00000000a0c00000|100%| O|  |TAMS 0x00000000a0b00000, 0x00000000a0c00000| Untracked 
|  12|0x00000000a0c00000, 0x00000000a0d00000, 0x00000000a0d00000|100%| O|  |TAMS 0x00000000a0c00000, 0x00000000a0d00000| Untracked 
|  13|0x00000000a0d00000, 0x00000000a0e00000, 0x00000000a0e00000|100%| O|  |TAMS 0x00000000a0d00000, 0x00000000a0e00000| Untracked 
|  14|0x00000000a0e00000, 0x00000000a0f00000, 0x00000000a0f00000|100%| O|  |TAMS 0x00000000a0e00000, 0x00000000a0f00000| Untracked 
|  15|0x00000000a0f00000, 0x00000000a0fe5200, 0x00000000a1000000| 89%| O|  |TAMS 0x00000000a0f00000, 0x00000000a0fe5200| Untracked 
|  16|0x00000000a1000000, 0x00000000a1000000, 0x00000000a1100000|  0%| F|  |TAMS 0x00000000a1000000, 0x00000000a1000000| Untracked 
|  17|0x00000000a1100000, 0x00000000a1100000, 0x00000000a1200000|  0%| F|  |TAMS 0x00000000a1100000, 0x00000000a1100000| Untracked 
|  18|0x00000000a1200000, 0x00000000a1200000, 0x00000000a1300000|  0%| F|  |TAMS 0x00000000a1200000, 0x00000000a1200000| Untracked 
|  19|0x00000000a1300000, 0x00000000a1300000, 0x00000000a1400000|  0%| F|  |TAMS 0x00000000a1300000, 0x00000000a1300000| Untracked 
|  20|0x00000000a1400000, 0x00000000a1400000, 0x00000000a1500000|  0%| F|  |TAMS 0x00000000a1400000, 0x00000000a1400000| Untracked 
|  21|0x00000000a1500000, 0x00000000a1500000, 0x00000000a1600000|  0%| F|  |TAMS 0x00000000a1500000, 0x00000000a1500000| Untracked 
|  22|0x00000000a1600000, 0x00000000a1600000, 0x00000000a1700000|  0%| F|  |TAMS 0x00000000a1600000, 0x00000000a1600000| Untracked 
|  23|0x00000000a1700000, 0x00000000a1700000, 0x00000000a1800000|  0%| F|  |TAMS 0x00000000a1700000, 0x00000000a1700000| Untracked 
|  24|0x00000000a1800000, 0x00000000a1800000, 0x00000000a1900000|  0%| F|  |TAMS 0x00000000a1800000, 0x00000000a1800000| Untracked 
|  25|0x00000000a1900000, 0x00000000a1900000, 0x00000000a1a00000|  0%| F|  |TAMS 0x00000000a1900000, 0x00000000a1900000| Untracked 
|  26|0x00000000a1a00000, 0x00000000a1a00000, 0x00000000a1b00000|  0%| F|  |TAMS 0x00000000a1a00000, 0x00000000a1a00000| Untracked 
|  27|0x00000000a1b00000, 0x00000000a1b00000, 0x00000000a1c00000|  0%| F|  |TAMS 0x00000000a1b00000, 0x00000000a1b00000| Untracked 
|  28|0x00000000a1c00000, 0x00000000a1c00000, 0x00000000a1d00000|  0%| F|  |TAMS 0x00000000a1c00000, 0x00000000a1c00000| Untracked 
|  29|0x00000000a1d00000, 0x00000000a1d00000, 0x00000000a1e00000|  0%| F|  |TAMS 0x00000000a1d00000, 0x00000000a1d00000| Untracked 
|  30|0x00000000a1e00000, 0x00000000a1e00000, 0x00000000a1f00000|  0%| F|  |TAMS 0x00000000a1e00000, 0x00000000a1e00000| Untracked 
|  31|0x00000000a1f00000, 0x00000000a1f00000, 0x00000000a2000000|  0%| F|  |TAMS 0x00000000a1f00000, 0x00000000a1f00000| Untracked 
|  32|0x00000000a2000000, 0x00000000a2000000, 0x00000000a2100000|  0%| F|  |TAMS 0x00000000a2000000, 0x00000000a2000000| Untracked 
|  33|0x00000000a2100000, 0x00000000a2100000, 0x00000000a2200000|  0%| F|  |TAMS 0x00000000a2100000, 0x00000000a2100000| Untracked 
|  34|0x00000000a2200000, 0x00000000a2200000, 0x00000000a2300000|  0%| F|  |TAMS 0x00000000a2200000, 0x00000000a2200000| Untracked 
|  35|0x00000000a2300000, 0x00000000a2300000, 0x00000000a2400000|  0%| F|  |TAMS 0x00000000a2300000, 0x00000000a2300000| Untracked 
|  36|0x00000000a2400000, 0x00000000a2400000, 0x00000000a2500000|  0%| F|  |TAMS 0x00000000a2400000, 0x00000000a2400000| Untracked 
|  37|0x00000000a2500000, 0x00000000a2500000, 0x00000000a2600000|  0%| F|  |TAMS 0x00000000a2500000, 0x00000000a2500000| Untracked 
|  38|0x00000000a2600000, 0x00000000a2600000, 0x00000000a2700000|  0%| F|  |TAMS 0x00000000a2600000, 0x00000000a2600000| Untracked 
|  39|0x00000000a2700000, 0x00000000a2700000, 0x00000000a2800000|  0%| F|  |TAMS 0x00000000a2700000, 0x00000000a2700000| Untracked 
|  40|0x00000000a2800000, 0x00000000a2800000, 0x00000000a2900000|  0%| F|  |TAMS 0x00000000a2800000, 0x00000000a2800000| Untracked 
|  41|0x00000000a2900000, 0x00000000a2900000, 0x00000000a2a00000|  0%| F|  |TAMS 0x00000000a2900000, 0x00000000a2900000| Untracked 
|  42|0x00000000a2a00000, 0x00000000a2a00000, 0x00000000a2b00000|  0%| F|  |TAMS 0x00000000a2a00000, 0x00000000a2a00000| Untracked 
|  43|0x00000000a2b00000, 0x00000000a2b00000, 0x00000000a2c00000|  0%| F|  |TAMS 0x00000000a2b00000, 0x00000000a2b00000| Untracked 
|  44|0x00000000a2c00000, 0x00000000a2c00000, 0x00000000a2d00000|  0%| F|  |TAMS 0x00000000a2c00000, 0x00000000a2c00000| Untracked 
|  45|0x00000000a2d00000, 0x00000000a2d00000, 0x00000000a2e00000|  0%| F|  |TAMS 0x00000000a2d00000, 0x00000000a2d00000| Untracked 
|  46|0x00000000a2e00000, 0x00000000a2e00000, 0x00000000a2f00000|  0%| F|  |TAMS 0x00000000a2e00000, 0x00000000a2e00000| Untracked 
|  47|0x00000000a2f00000, 0x00000000a2f00000, 0x00000000a3000000|  0%| F|  |TAMS 0x00000000a2f00000, 0x00000000a2f00000| Untracked 
|  48|0x00000000a3000000, 0x00000000a3000000, 0x00000000a3100000|  0%| F|  |TAMS 0x00000000a3000000, 0x00000000a3000000| Untracked 
|  49|0x00000000a3100000, 0x00000000a3100000, 0x00000000a3200000|  0%| F|  |TAMS 0x00000000a3100000, 0x00000000a3100000| Untracked 
|  50|0x00000000a3200000, 0x00000000a3200000, 0x00000000a3300000|  0%| F|  |TAMS 0x00000000a3200000, 0x00000000a3200000| Untracked 
|  51|0x00000000a3300000, 0x00000000a3300000, 0x00000000a3400000|  0%| F|  |TAMS 0x00000000a3300000, 0x00000000a3300000| Untracked 
|  52|0x00000000a3400000, 0x00000000a3400000, 0x00000000a3500000|  0%| F|  |TAMS 0x00000000a3400000, 0x00000000a3400000| Untracked 
|  53|0x00000000a3500000, 0x00000000a3500000, 0x00000000a3600000|  0%| F|  |TAMS 0x00000000a3500000, 0x00000000a3500000| Untracked 
|  54|0x00000000a3600000, 0x00000000a3600000, 0x00000000a3700000|  0%| F|  |TAMS 0x00000000a3600000, 0x00000000a3600000| Untracked 
|  55|0x00000000a3700000, 0x00000000a3700000, 0x00000000a3800000|  0%| F|  |TAMS 0x00000000a3700000, 0x00000000a3700000| Untracked 
|  56|0x00000000a3800000, 0x00000000a3800000, 0x00000000a3900000|  0%| F|  |TAMS 0x00000000a3800000, 0x00000000a3800000| Untracked 
|  57|0x00000000a3900000, 0x00000000a3900000, 0x00000000a3a00000|  0%| F|  |TAMS 0x00000000a3900000, 0x00000000a3900000| Untracked 
|  58|0x00000000a3a00000, 0x00000000a3a00000, 0x00000000a3b00000|  0%| F|  |TAMS 0x00000000a3a00000, 0x00000000a3a00000| Untracked 
|  59|0x00000000a3b00000, 0x00000000a3b00000, 0x00000000a3c00000|  0%| F|  |TAMS 0x00000000a3b00000, 0x00000000a3b00000| Untracked 
|  60|0x00000000a3c00000, 0x00000000a3c00000, 0x00000000a3d00000|  0%| F|  |TAMS 0x00000000a3c00000, 0x00000000a3c00000| Untracked 
|  61|0x00000000a3d00000, 0x00000000a3d00000, 0x00000000a3e00000|  0%| F|  |TAMS 0x00000000a3d00000, 0x00000000a3d00000| Untracked 
|  62|0x00000000a3e00000, 0x00000000a3e00000, 0x00000000a3f00000|  0%| F|  |TAMS 0x00000000a3e00000, 0x00000000a3e00000| Untracked 
|  63|0x00000000a3f00000, 0x00000000a3f00000, 0x00000000a4000000|  0%| F|  |TAMS 0x00000000a3f00000, 0x00000000a3f00000| Untracked 
|  64|0x00000000a4000000, 0x00000000a4000000, 0x00000000a4100000|  0%| F|  |TAMS 0x00000000a4000000, 0x00000000a4000000| Untracked 
|  65|0x00000000a4100000, 0x00000000a4100000, 0x00000000a4200000|  0%| F|  |TAMS 0x00000000a4100000, 0x00000000a4100000| Untracked 
|  66|0x00000000a4200000, 0x00000000a4200000, 0x00000000a4300000|  0%| F|  |TAMS 0x00000000a4200000, 0x00000000a4200000| Untracked 
|  67|0x00000000a4300000, 0x00000000a4300000, 0x00000000a4400000|  0%| F|  |TAMS 0x00000000a4300000, 0x00000000a4300000| Untracked 
|  68|0x00000000a4400000, 0x00000000a4400000, 0x00000000a4500000|  0%| F|  |TAMS 0x00000000a4400000, 0x00000000a4400000| Untracked 
|  69|0x00000000a4500000, 0x00000000a4500000, 0x00000000a4600000|  0%| F|  |TAMS 0x00000000a4500000, 0x00000000a4500000| Untracked 
|  70|0x00000000a4600000, 0x00000000a4600000, 0x00000000a4700000|  0%| F|  |TAMS 0x00000000a4600000, 0x00000000a4600000| Untracked 
|  71|0x00000000a4700000, 0x00000000a4700000, 0x00000000a4800000|  0%| F|  |TAMS 0x00000000a4700000, 0x00000000a4700000| Untracked 
|  72|0x00000000a4800000, 0x00000000a4800000, 0x00000000a4900000|  0%| F|  |TAMS 0x00000000a4800000, 0x00000000a4800000| Untracked 
|  73|0x00000000a4900000, 0x00000000a4900000, 0x00000000a4a00000|  0%| F|  |TAMS 0x00000000a4900000, 0x00000000a4900000| Untracked 
|  74|0x00000000a4a00000, 0x00000000a4a00000, 0x00000000a4b00000|  0%| F|  |TAMS 0x00000000a4a00000, 0x00000000a4a00000| Untracked 
|  75|0x00000000a4b00000, 0x00000000a4b00000, 0x00000000a4c00000|  0%| F|  |TAMS 0x00000000a4b00000, 0x00000000a4b00000| Untracked 
|  76|0x00000000a4c00000, 0x00000000a4c00000, 0x00000000a4d00000|  0%| F|  |TAMS 0x00000000a4c00000, 0x00000000a4c00000| Untracked 
|  77|0x00000000a4d00000, 0x00000000a4d00000, 0x00000000a4e00000|  0%| F|  |TAMS 0x00000000a4d00000, 0x00000000a4d00000| Untracked 
|  78|0x00000000a4e00000, 0x00000000a4e00000, 0x00000000a4f00000|  0%| F|  |TAMS 0x00000000a4e00000, 0x00000000a4e00000| Untracked 
|  79|0x00000000a4f00000, 0x00000000a4f00000, 0x00000000a5000000|  0%| F|  |TAMS 0x00000000a4f00000, 0x00000000a4f00000| Untracked 
|  80|0x00000000a5000000, 0x00000000a5000000, 0x00000000a5100000|  0%| F|  |TAMS 0x00000000a5000000, 0x00000000a5000000| Untracked 
|  81|0x00000000a5100000, 0x00000000a5100000, 0x00000000a5200000|  0%| F|  |TAMS 0x00000000a5100000, 0x00000000a5100000| Untracked 
|  82|0x00000000a5200000, 0x00000000a5200000, 0x00000000a5300000|  0%| F|  |TAMS 0x00000000a5200000, 0x00000000a5200000| Untracked 
|  83|0x00000000a5300000, 0x00000000a5300000, 0x00000000a5400000|  0%| F|  |TAMS 0x00000000a5300000, 0x00000000a5300000| Untracked 
|  84|0x00000000a5400000, 0x00000000a5400000, 0x00000000a5500000|  0%| F|  |TAMS 0x00000000a5400000, 0x00000000a5400000| Untracked 
|  85|0x00000000a5500000, 0x00000000a5500000, 0x00000000a5600000|  0%| F|  |TAMS 0x00000000a5500000, 0x00000000a5500000| Untracked 
|  86|0x00000000a5600000, 0x00000000a5600000, 0x00000000a5700000|  0%| F|  |TAMS 0x00000000a5600000, 0x00000000a5600000| Untracked 
|  87|0x00000000a5700000, 0x00000000a5700000, 0x00000000a5800000|  0%| F|  |TAMS 0x00000000a5700000, 0x00000000a5700000| Untracked 
|  88|0x00000000a5800000, 0x00000000a5800000, 0x00000000a5900000|  0%| F|  |TAMS 0x00000000a5800000, 0x00000000a5800000| Untracked 
|  89|0x00000000a5900000, 0x00000000a5900000, 0x00000000a5a00000|  0%| F|  |TAMS 0x00000000a5900000, 0x00000000a5900000| Untracked 
|  90|0x00000000a5a00000, 0x00000000a5a00000, 0x00000000a5b00000|  0%| F|  |TAMS 0x00000000a5a00000, 0x00000000a5a00000| Untracked 
|  91|0x00000000a5b00000, 0x00000000a5b00000, 0x00000000a5c00000|  0%| F|  |TAMS 0x00000000a5b00000, 0x00000000a5b00000| Untracked 
|  92|0x00000000a5c00000, 0x00000000a5c00000, 0x00000000a5d00000|  0%| F|  |TAMS 0x00000000a5c00000, 0x00000000a5c00000| Untracked 
|  93|0x00000000a5d00000, 0x00000000a5d00000, 0x00000000a5e00000|  0%| F|  |TAMS 0x00000000a5d00000, 0x00000000a5d00000| Untracked 
|  94|0x00000000a5e00000, 0x00000000a5e00000, 0x00000000a5f00000|  0%| F|  |TAMS 0x00000000a5e00000, 0x00000000a5e00000| Untracked 
|  95|0x00000000a5f00000, 0x00000000a5f00000, 0x00000000a6000000|  0%| F|  |TAMS 0x00000000a5f00000, 0x00000000a5f00000| Untracked 
|  96|0x00000000a6000000, 0x00000000a6000000, 0x00000000a6100000|  0%| F|  |TAMS 0x00000000a6000000, 0x00000000a6000000| Untracked 
|  97|0x00000000a6100000, 0x00000000a6100000, 0x00000000a6200000|  0%| F|  |TAMS 0x00000000a6100000, 0x00000000a6100000| Untracked 
|  98|0x00000000a6200000, 0x00000000a6200000, 0x00000000a6300000|  0%| F|  |TAMS 0x00000000a6200000, 0x00000000a6200000| Untracked 
|  99|0x00000000a6300000, 0x00000000a6300000, 0x00000000a6400000|  0%| F|  |TAMS 0x00000000a6300000, 0x00000000a6300000| Untracked 
| 100|0x00000000a6400000, 0x00000000a6400000, 0x00000000a6500000|  0%| F|  |TAMS 0x00000000a6400000, 0x00000000a6400000| Untracked 
| 101|0x00000000a6500000, 0x00000000a6500000, 0x00000000a6600000|  0%| F|  |TAMS 0x00000000a6500000, 0x00000000a6500000| Untracked 
| 102|0x00000000a6600000, 0x00000000a6600000, 0x00000000a6700000|  0%| F|  |TAMS 0x00000000a6600000, 0x00000000a6600000| Untracked 
| 103|0x00000000a6700000, 0x00000000a6700000, 0x00000000a6800000|  0%| F|  |TAMS 0x00000000a6700000, 0x00000000a6700000| Untracked 
| 104|0x00000000a6800000, 0x00000000a6800000, 0x00000000a6900000|  0%| F|  |TAMS 0x00000000a6800000, 0x00000000a6800000| Untracked 
| 105|0x00000000a6900000, 0x00000000a6a00000, 0x00000000a6a00000|100%| S|CS|TAMS 0x00000000a6900000, 0x00000000a6900000| Complete 
| 106|0x00000000a6a00000, 0x00000000a6a00000, 0x00000000a6b00000|  0%| F|  |TAMS 0x00000000a6a00000, 0x00000000a6a00000| Untracked 
| 107|0x00000000a6b00000, 0x00000000a6b00000, 0x00000000a6c00000|  0%| F|  |TAMS 0x00000000a6b00000, 0x00000000a6b00000| Untracked 
| 108|0x00000000a6c00000, 0x00000000a6c00000, 0x00000000a6d00000|  0%| F|  |TAMS 0x00000000a6c00000, 0x00000000a6c00000| Untracked 
| 109|0x00000000a6d00000, 0x00000000a6d00000, 0x00000000a6e00000|  0%| F|  |TAMS 0x00000000a6d00000, 0x00000000a6d00000| Untracked 
| 110|0x00000000a6e00000, 0x00000000a6e00000, 0x00000000a6f00000|  0%| F|  |TAMS 0x00000000a6e00000, 0x00000000a6e00000| Untracked 
| 111|0x00000000a6f00000, 0x00000000a6f00000, 0x00000000a7000000|  0%| F|  |TAMS 0x00000000a6f00000, 0x00000000a6f00000| Untracked 
| 112|0x00000000a7000000, 0x00000000a7000000, 0x00000000a7100000|  0%| F|  |TAMS 0x00000000a7000000, 0x00000000a7000000| Untracked 
| 113|0x00000000a7100000, 0x00000000a7100000, 0x00000000a7200000|  0%| F|  |TAMS 0x00000000a7100000, 0x00000000a7100000| Untracked 
| 114|0x00000000a7200000, 0x00000000a7200000, 0x00000000a7300000|  0%| F|  |TAMS 0x00000000a7200000, 0x00000000a7200000| Untracked 
| 115|0x00000000a7300000, 0x00000000a7300000, 0x00000000a7400000|  0%| F|  |TAMS 0x00000000a7300000, 0x00000000a7300000| Untracked 
| 116|0x00000000a7400000, 0x00000000a7400000, 0x00000000a7500000|  0%| F|  |TAMS 0x00000000a7400000, 0x00000000a7400000| Untracked 
| 117|0x00000000a7500000, 0x00000000a7500000, 0x00000000a7600000|  0%| F|  |TAMS 0x00000000a7500000, 0x00000000a7500000| Untracked 
| 118|0x00000000a7600000, 0x00000000a7600000, 0x00000000a7700000|  0%| F|  |TAMS 0x00000000a7600000, 0x00000000a7600000| Untracked 
| 119|0x00000000a7700000, 0x00000000a7700000, 0x00000000a7800000|  0%| F|  |TAMS 0x00000000a7700000, 0x00000000a7700000| Untracked 
| 120|0x00000000a7800000, 0x00000000a7800000, 0x00000000a7900000|  0%| F|  |TAMS 0x00000000a7800000, 0x00000000a7800000| Untracked 
| 121|0x00000000a7900000, 0x00000000a7900000, 0x00000000a7a00000|  0%| F|  |TAMS 0x00000000a7900000, 0x00000000a7900000| Untracked 
| 122|0x00000000a7a00000, 0x00000000a7a00000, 0x00000000a7b00000|  0%| F|  |TAMS 0x00000000a7a00000, 0x00000000a7a00000| Untracked 
| 123|0x00000000a7b00000, 0x00000000a7b00000, 0x00000000a7c00000|  0%| F|  |TAMS 0x00000000a7b00000, 0x00000000a7b00000| Untracked 

Card table byte_map: [0x00000218e5900000,0x00000218e5c00000] _byte_map_base: 0x00000218e5400000

Marking Bits (Prev, Next): (CMBitMap*) 0x00000218d27e0b88, (CMBitMap*) 0x00000218d27e0bc0
 Prev Bits: [0x00000218e5f00000, 0x00000218e7700000)
 Next Bits: [0x00000218e7700000, 0x00000218e8f00000)

Polling page: 0x00000218d0700000

Metaspace:

Usage:
  Non-class:     18.08 MB capacity,    17.76 MB ( 98%) used,   290.73 KB (  2%) free+waste,    34.62 KB ( <1%) overhead. 
      Class:      2.56 MB capacity,     2.42 MB ( 94%) used,   128.01 KB (  5%) free+waste,    16.81 KB ( <1%) overhead. 
       Both:     20.64 MB capacity,    20.18 MB ( 98%) used,   418.73 KB (  2%) free+waste,    51.44 KB ( <1%) overhead. 

Virtual space:
  Non-class space:       22.00 MB reserved,      18.17 MB ( 83%) committed 
      Class space:        1.00 GB reserved,       2.62 MB ( <1%) committed 
             Both:        1.02 GB reserved,      20.80 MB (  2%) committed 

Chunk freelists:
   Non-Class:  96.00 KB
       Class:  30.00 KB
        Both:  126.00 KB

MaxMetaspaceSize: 17179869184.00 GB
CompressedClassSpaceSize: 1.00 GB
Initial GC threshold: 20.80 MB
Current GC threshold: 21.12 MB
CDS: off

CodeHeap 'non-profiled nmethods': size=120000Kb used=857Kb max_used=857Kb free=119142Kb
 bounds [0x00000218ddda0000, 0x00000218de010000, 0x00000218e52d0000]
CodeHeap 'profiled nmethods': size=120000Kb used=3964Kb max_used=3964Kb free=116036Kb
 bounds [0x00000218d6870000, 0x00000218d6c50000, 0x00000218ddda0000]
CodeHeap 'non-nmethods': size=5760Kb used=1207Kb max_used=1215Kb free=4552Kb
 bounds [0x00000218d62d0000, 0x00000218d6540000, 0x00000218d6870000]
 total_blobs=2397 nmethods=1919 adapters=390
 compilation: enabled
              stopped_count=0, restarted_count=0
 full_count=0

Compilation events (20 events):
Event: 3.887 Thread 0x00000218ec2cc000 nmethod 1932 0x00000218dde75c10 code [0x00000218dde75da0, 0x00000218dde75fb8]
Event: 3.899 Thread 0x00000218ec2cd000 1934       3       java.lang.String::substring (68 bytes)
Event: 3.900 Thread 0x00000218ec2cd000 nmethod 1934 0x00000218d6c47d90 code [0x00000218d6c47fe0, 0x00000218d6c48718]
Event: 3.900 Thread 0x00000218ec2cd000 1935       3       jdk.internal.loader.URLClassPath$JarLoader$2::getManifest (26 bytes)
Event: 3.900 Thread 0x00000218ec2cd000 nmethod 1935 0x00000218d6c48990 code [0x00000218d6c48ba0, 0x00000218d6c49048]
Event: 3.900 Thread 0x00000218ec2cd000 1936       3       jdk.internal.loader.URLClassPath$JarLoader$2::getInputStream (15 bytes)
Event: 3.900 Thread 0x00000218ec2cd000 nmethod 1936 0x00000218d6c49290 code [0x00000218d6c49440, 0x00000218d6c49608]
Event: 3.900 Thread 0x00000218ec2cd000 1937       3       jdk.internal.loader.URLClassPath$JarLoader$2::getBytes (48 bytes)
Event: 3.901 Thread 0x00000218ec2cd000 nmethod 1937 0x00000218d6c49710 code [0x00000218d6c49920, 0x00000218d6c4a028]
Event: 3.901 Thread 0x00000218ec2cd000 1938       3       jdk.internal.loader.URLClassPath$JarLoader$2::getContentLength (9 bytes)
Event: 3.901 Thread 0x00000218ec2cd000 nmethod 1938 0x00000218d6c4a290 code [0x00000218d6c4a440, 0x00000218d6c4a5d8]
Event: 3.901 Thread 0x00000218ec2cd000 1939   !   3       jdk.internal.loader.Resource::getBytes (242 bytes)
Event: 3.904 Thread 0x00000218ec2cd000 nmethod 1939 0x00000218d6c4a690 code [0x00000218d6c4a9e0, 0x00000218d6c4c388]
Event: 3.906 Thread 0x00000218ec2cc000 1940   !   4       java.util.zip.InflaterInputStream::read (138 bytes)
Event: 3.912 Thread 0x00000218ec2cd000 1941  s!   3       java.util.jar.JarFile::ensureInitialization (74 bytes)
Event: 3.913 Thread 0x00000218ec2cd000 nmethod 1941 0x00000218d6c4cd90 code [0x00000218d6c4d060, 0x00000218d6c4e248]
Event: 3.929 Thread 0x00000218ec2cd000 1942       3       java.lang.invoke.InnerClassLambdaMetafactory::getLoadOpcode (25 bytes)
Event: 3.929 Thread 0x00000218ec2cd000 nmethod 1942 0x00000218d6c4e710 code [0x00000218d6c4e8e0, 0x00000218d6c4eaf8]
Event: 3.929 Thread 0x00000218ec2cd000 1943       3       java.lang.invoke.InnerClassLambdaMetafactory::getParameterSize (27 bytes)
Event: 3.929 Thread 0x00000218ec2cd000 nmethod 1943 0x00000218d6c4ec10 code [0x00000218d6c4edc0, 0x00000218d6c4ef98]

GC Heap History (4 events):
Event: 0.947 GC heap before
{Heap before GC invocations=0 (full 0):
 garbage-first heap   total 126976K, used 29696K [0x00000000a0000000, 0x0000000100000000)
  region size 1024K, 24 young (24576K), 0 survivors (0K)
 Metaspace       used 9836K, capacity 10066K, committed 10368K, reserved 1058816K
  class space    used 1008K, capacity 1102K, committed 1152K, reserved 1048576K
}
Event: 0.956 GC heap after
{Heap after GC invocations=1 (full 0):
 garbage-first heap   total 126976K, used 9178K [0x00000000a0000000, 0x0000000100000000)
  region size 1024K, 3 young (3072K), 3 survivors (3072K)
 Metaspace       used 9836K, capacity 10066K, committed 10368K, reserved 1058816K
  class space    used 1008K, capacity 1102K, committed 1152K, reserved 1048576K
}
Event: 3.360 GC heap before
{Heap before GC invocations=1 (full 0):
 garbage-first heap   total 126976K, used 82906K [0x00000000a0000000, 0x0000000100000000)
  region size 1024K, 74 young (75776K), 3 survivors (3072K)
 Metaspace       used 18255K, capacity 18663K, committed 18816K, reserved 1064960K
  class space    used 2152K, capacity 2308K, committed 2432K, reserved 1048576K
}
Event: 3.369 GC heap after
{Heap after GC invocations=2 (full 0):
 garbage-first heap   total 126976K, used 15908K [0x00000000a0000000, 0x0000000100000000)
  region size 1024K, 10 young (10240K), 10 survivors (10240K)
 Metaspace       used 18255K, capacity 18663K, committed 18816K, reserved 1064960K
  class space    used 2152K, capacity 2308K, committed 2432K, reserved 1048576K
}

Deoptimization events (20 events):
Event: 3.742 Thread 0x00000218ede34000 Uncommon trap: trap_request=0xffffff4d fr.pc=0x00000218dde00834 relative=0x00000000000001d4
Event: 3.742 Thread 0x00000218ede34000 Uncommon trap: reason=unstable_if action=reinterpret pc=0x00000218dde00834 method=java.util.regex.Matcher.reset()Ljava/util/regex/Matcher; @ 71 c2
Event: 3.742 Thread 0x00000218ede34000 DEOPT PACKING pc=0x00000218dde00834 sp=0x000000be739f8990
Event: 3.742 Thread 0x00000218ede34000 DEOPT UNPACKING pc=0x00000218d631a1af sp=0x000000be739f8920 mode 2
Event: 3.884 Thread 0x00000218ede34000 Uncommon trap: trap_request=0xffffffc6 fr.pc=0x00000218dde11024 relative=0x0000000000000084
Event: 3.884 Thread 0x00000218ede34000 Uncommon trap: reason=bimorphic_or_optimized_type_check action=maybe_recompile pc=0x00000218dde11024 method=java.util.AbstractList$Itr.hasNext()Z @ 8 c2
Event: 3.884 Thread 0x00000218ede34000 DEOPT PACKING pc=0x00000218dde11024 sp=0x000000be739fa730
Event: 3.884 Thread 0x00000218ede34000 DEOPT UNPACKING pc=0x00000218d631a1af sp=0x000000be739fa6c8 mode 2
Event: 3.884 Thread 0x00000218ede34000 Uncommon trap: trap_request=0xffffffc6 fr.pc=0x00000218dde12cf4 relative=0x0000000000000134
Event: 3.884 Thread 0x00000218ede34000 Uncommon trap: reason=bimorphic_or_optimized_type_check action=maybe_recompile pc=0x00000218dde12cf4 method=java.util.AbstractList$Itr.next()Ljava/lang/Object; @ 14 c2
Event: 3.884 Thread 0x00000218ede34000 DEOPT PACKING pc=0x00000218dde12cf4 sp=0x000000be739fa720
Event: 3.884 Thread 0x00000218ede34000 DEOPT UNPACKING pc=0x00000218d631a1af sp=0x000000be739fa6b8 mode 2
Event: 3.885 Thread 0x00000218ede34000 Uncommon trap: trap_request=0xffffff4d fr.pc=0x00000218dde0bbdc relative=0x000000000000051c
Event: 3.885 Thread 0x00000218ede34000 Uncommon trap: reason=unstable_if action=reinterpret pc=0x00000218dde0bbdc method=java.io.File.getName()Ljava/lang/String; @ 16 c2
Event: 3.885 Thread 0x00000218ede34000 DEOPT PACKING pc=0x00000218dde0bbdc sp=0x000000be739fb230
Event: 3.885 Thread 0x00000218ede34000 DEOPT UNPACKING pc=0x00000218d631a1af sp=0x000000be739fb200 mode 2
Event: 3.885 Thread 0x00000218ede34000 Uncommon trap: trap_request=0xffffff4d fr.pc=0x00000218dde07a34 relative=0x0000000000000474
Event: 3.885 Thread 0x00000218ede34000 Uncommon trap: reason=unstable_if action=reinterpret pc=0x00000218dde07a34 method=java.lang.String.substring(I)Ljava/lang/String; @ 34 c2
Event: 3.885 Thread 0x00000218ede34000 DEOPT PACKING pc=0x00000218dde07a34 sp=0x000000be739fb1b0
Event: 3.885 Thread 0x00000218ede34000 DEOPT UNPACKING pc=0x00000218d631a1af sp=0x000000be739fb188 mode 2

Classes redefined (0 events):
No events

Internal exceptions (19 events):
Event: 0.206 Thread 0x00000218d27a6800 Exception <a 'java/lang/NoSuchMethodError'{0x00000000a7926cb8}: 'int java.lang.invoke.DirectMethodHandle$Holder.invokeStaticInit(java.lang.Object, java.lang.Object)'> (0x00000000a7926cb8) thrown at [src/hotspot/share/interpreter/linkResolver.cpp, line 773]
Event: 0.251 Thread 0x00000218d27a6800 Exception <a 'java/lang/NoSuchMethodError'{0x00000000a79f0230}: 'int java.lang.invoke.DirectMethodHandle$Holder.invokeSpecial(java.lang.Object, java.lang.Object, java.lang.Object, java.lang.Object)'> (0x00000000a79f0230) thrown at [src/hotspot/share/interpreter/linkResolver.cpp, line 773]
Event: 0.260 Thread 0x00000218d27a6800 Exception <a 'java/lang/NoSuchMethodError'{0x00000000a7828a78}: 'int java.lang.invoke.DirectMethodHandle$Holder.invokeSpecialIFC(java.lang.Object, java.lang.Object, int)'> (0x00000000a7828a78) thrown at [src/hotspot/share/interpreter/linkResolver.cpp, line 773]
Event: 0.630 Thread 0x00000218d27a6800 Exception <a 'java/lang/NoClassDefFoundError'{0x00000000a6d7e7f8}: org/slf4j/impl/StaticMarkerBinder> (0x00000000a6d7e7f8) thrown at [src/hotspot/share/classfile/systemDictionary.cpp, line 219]
Event: 0.734 Thread 0x00000218d27a6800 Exception <a 'java/lang/NoSuchMethodError'{0x00000000a692cd08}: 'java.lang.Object java.lang.invoke.DirectMethodHandle$Holder.invokeVirtual(java.lang.Object, java.lang.Object, java.lang.Object, java.lang.Object, java.lang.Object, java.lang.Object, java.lang.Object)'> (0x00000000a692cd08) thrown at [src/hotspot/share/interpreter/linkResolver.cpp, line 773]
Event: 0.738 Thread 0x00000218d27a6800 Exception <a 'java/lang/NoSuchMethodError'{0x00000000a6941760}: 'java.lang.Object java.lang.invoke.Invokers$Holder.invoker(java.lang.Object, java.lang.Object, java.lang.Object)'> (0x00000000a6941760) thrown at [src/hotspot/share/interpreter/linkResolver.cpp, line 773]
Event: 0.742 Thread 0x00000218d27a6800 Exception <a 'java/lang/NoSuchMethodError'{0x00000000a69527d8}: 'void java.lang.invoke.DelegatingMethodHandle$Holder.delegate(java.lang.Object, java.lang.Object, int, java.lang.Object)'> (0x00000000a69527d8) thrown at [src/hotspot/share/interpreter/linkResolver.cpp, line 773]
Event: 1.722 Thread 0x00000218d27a6800 Exception <a 'java/security/PrivilegedActionException'{0x00000000a5caae50}> (0x00000000a5caae50) thrown at [src/hotspot/share/prims/jvm.cpp, line 1306]
Event: 1.722 Thread 0x00000218d27a6800 Exception <a 'java/security/PrivilegedActionException'{0x00000000a5cab3c8}> (0x00000000a5cab3c8) thrown at [src/hotspot/share/prims/jvm.cpp, line 1306]
Event: 2.047 Thread 0x00000218d27a6800 Exception <a 'java/lang/NoSuchMethodError'{0x00000000a4b40530}: 'java.lang.Object java.lang.invoke.DirectMethodHandle$Holder.invokeStaticInit(java.lang.Object, java.lang.Object, java.lang.Object)'> (0x00000000a4b40530) thrown at [src/hotspot/share/interpreter/linkResolver.cpp, line 773]
Event: 2.229 Thread 0x00000218d27a6800 Exception <a 'java/lang/NoSuchMethodError'{0x00000000a45a9f10}: 'java.lang.Object java.lang.invoke.DirectMethodHandle$Holder.invokeStaticInit(java.lang.Object, int, int, int, int)'> (0x00000000a45a9f10) thrown at [src/hotspot/share/interpreter/linkResolver.cpp, line 773]
Event: 2.430 Thread 0x00000218d27a6800 Exception <a 'java/lang/NoSuchMethodError'{0x00000000a442fbd8}: 'java.lang.Object java.lang.invoke.DirectMethodHandle$Holder.invokeStaticInit(java.lang.Object, java.lang.Object, int, int, int, int)'> (0x00000000a442fbd8) thrown at [src/hotspot/share/interpreter/linkResolver.cpp, line 773]
Event: 2.808 Thread 0x00000218d27a6800 Exception <a 'java/io/IOException'{0x00000000a43f6920}> (0x00000000a43f6920) thrown at [src/hotspot/share/prims/jni.cpp, line 617]
Event: 3.042 Thread 0x00000218ede34000 Exception <a 'java/lang/NoSuchMethodError'{0x00000000a3cdc7d0}: 'long java.lang.invoke.DirectMethodHandle$Holder.invokeInterface(java.lang.Object, java.lang.Object)'> (0x00000000a3cdc7d0) thrown at [src/hotspot/share/interpreter/linkResolver.cpp, line 773]
Event: 3.045 Thread 0x00000218ede34000 Exception <a 'java/lang/NoSuchMethodError'{0x00000000a3ce9870}: 'void java.lang.invoke.DelegatingMethodHandle$Holder.reinvoke_L(java.lang.Object, java.lang.Object, java.lang.Object, java.lang.Object, java.lang.Object, java.lang.Object, java.lang.Object)'> (0x00000000a3ce9870) thrown at [src/hotspot/share/interpreter/linkResolver.cpp, line 773]
Event: 3.659 Thread 0x00000218ede34000 Exception <a 'java/lang/NoSuchMethodError'{0x00000000a71e0e10}: 'void java.lang.invoke.DirectMethodHandle$Holder.invokeStaticInit(java.lang.Object)'> (0x00000000a71e0e10) thrown at [src/hotspot/share/interpreter/linkResolver.cpp, line 773]
Event: 3.701 Thread 0x00000218ede34000 Exception <a 'java/lang/NoSuchMethodError'{0x00000000a708c6b8}: 'java.lang.Object java.lang.invoke.DirectMethodHandle$Holder.invokeStatic(java.lang.Object, java.lang.Object, java.lang.Object, int)'> (0x00000000a708c6b8) thrown at [src/hotspot/share/interpreter/linkResolver.cpp, line 773]
Event: 3.702 Thread 0x00000218ede34000 Exception <a 'java/lang/NoSuchMethodError'{0x00000000a7090dd0}: 'java.lang.Object java.lang.invoke.DirectMethodHandle$Holder.invokeSpecial(java.lang.Object, java.lang.Object, java.lang.Object, java.lang.Object, int)'> (0x00000000a7090dd0) thrown at [src/hotspot/share/interpreter/linkResolver.cpp, line 773]
Event: 3.702 Thread 0x00000218ede34000 Exception <a 'java/lang/NoSuchMethodError'{0x00000000a7094d08}: 'java.lang.Object java.lang.invoke.Invokers$Holder.linkToTargetMethod(java.lang.Object, java.lang.Object, int, java.lang.Object)'> (0x00000000a7094d08) thrown at [src/hotspot/share/interpreter/linkResolver.cpp, line 773]

Events (20 events):
Event: 3.930 loading class org/gradle/internal/vfs/impl/AbstractVirtualFileSystem
Event: 3.930 loading class org/gradle/internal/vfs/impl/AbstractVirtualFileSystem done
Event: 3.932 loading class org/gradle/internal/snapshot/MetadataSnapshot
Event: 3.932 loading class org/gradle/internal/snapshot/MetadataSnapshot done
Event: 3.933 loading class org/gradle/internal/watch/registry/FileWatcherRegistry$ChangeHandler
Event: 3.933 loading class org/gradle/internal/watch/registry/FileWatcherRegistry$ChangeHandler done
Event: 3.934 loading class org/gradle/internal/snapshot/SnapshotHierarchy$NodeDiffListener
Event: 3.934 loading class org/gradle/internal/snapshot/SnapshotHierarchy$NodeDiffListener done
Event: 3.935 loading class org/gradle/api/internal/DocumentationRegistry
Event: 3.935 loading class org/gradle/api/internal/DocumentationRegistry done
Event: 3.935 loading class org/gradle/api/internal/DocumentationRegistry
Event: 3.935 loading class org/gradle/api/internal/DocumentationRegistry done
Event: 3.935 loading class org/gradle/internal/watch/registry/impl/DaemonDocumentationIndex
Event: 3.935 loading class org/gradle/internal/watch/registry/impl/DaemonDocumentationIndex done
Event: 3.937 loading class org/gradle/internal/watch/vfs/impl/WatchingNotSupportedVirtualFileSystem
Event: 3.937 loading class org/gradle/internal/watch/vfs/impl/WatchingNotSupportedVirtualFileSystem done
Event: 3.938 loading class org/gradle/internal/build/BuildState
Event: 3.938 loading class org/gradle/internal/build/BuildState done
Event: 3.938 loading class org/gradle/internal/watch/vfs/BuildLifecycleAwareVirtualFileSystem
Event: 3.938 loading class org/gradle/internal/watch/vfs/BuildLifecycleAwareVirtualFileSystem done


Dynamic libraries:
0x00007ff6d46f0000 - 0x00007ff6d46fa000 	C:\Program Files\Android\Android Studio\jbr\bin\java.exe
0x00007fff61a70000 - 0x00007fff61c68000 	C:\Windows\SYSTEM32\ntdll.dll
0x00007fff60cd0000 - 0x00007fff60d8f000 	C:\Windows\System32\KERNEL32.DLL
0x00007fff5f440000 - 0x00007fff5f712000 	C:\Windows\System32\KERNELBASE.dll
0x00007fff5f210000 - 0x00007fff5f310000 	C:\Windows\System32\ucrtbase.dll
0x00007fff4b770000 - 0x00007fff4b787000 	C:\Program Files\Android\Android Studio\jbr\bin\jli.dll
0x00007fff483f0000 - 0x00007fff4840b000 	C:\Program Files\Android\Android Studio\jbr\bin\VCRUNTIME140.dll
0x00007fff61750000 - 0x00007fff618f1000 	C:\Windows\System32\USER32.dll
0x00007fff3f040000 - 0x00007fff3f2da000 	C:\Windows\WinSxS\amd64_microsoft.windows.common-controls_6595b64144ccf1df_6.0.19041.1110_none_60b5254171f9507e\COMCTL32.dll
0x00007fff5fa90000 - 0x00007fff5fab2000 	C:\Windows\System32\win32u.dll
0x00007fff607d0000 - 0x00007fff6086e000 	C:\Windows\System32\msvcrt.dll
0x00007fff60870000 - 0x00007fff6089b000 	C:\Windows\System32\GDI32.dll
0x00007fff5f880000 - 0x00007fff5f98f000 	C:\Windows\System32\gdi32full.dll
0x00007fff5f3a0000 - 0x00007fff5f43d000 	C:\Windows\System32\msvcp_win.dll
0x00007fff5ff00000 - 0x00007fff5ff30000 	C:\Windows\System32\IMM32.DLL
0x00007fff540d0000 - 0x00007fff540dc000 	C:\Program Files\Android\Android Studio\jbr\bin\vcruntime140_1.dll
0x00007fff46c10000 - 0x00007fff46c9d000 	C:\Program Files\Android\Android Studio\jbr\bin\msvcp140.dll
0x00007fff1daa0000 - 0x00007fff1e65c000 	C:\Program Files\Android\Android Studio\jbr\bin\server\jvm.dll
0x00007fff5fdc0000 - 0x00007fff5fe6e000 	C:\Windows\System32\ADVAPI32.dll
0x00007fff616b0000 - 0x00007fff6174c000 	C:\Windows\System32\sechost.dll
0x00007fff61900000 - 0x00007fff61a24000 	C:\Windows\System32\RPCRT4.dll
0x00007fff5fc00000 - 0x00007fff5fc08000 	C:\Windows\System32\PSAPI.DLL
0x00007fff37210000 - 0x00007fff37219000 	C:\Windows\SYSTEM32\WSOCK32.dll
0x00007fff52420000 - 0x00007fff5242a000 	C:\Windows\SYSTEM32\VERSION.dll
0x00007fff49400000 - 0x00007fff49427000 	C:\Windows\SYSTEM32\WINMM.dll
0x00007fff60f20000 - 0x00007fff60f8b000 	C:\Windows\System32\WS2_32.dll
0x00007fff5d9c0000 - 0x00007fff5d9d2000 	C:\Windows\SYSTEM32\kernel.appcore.dll
0x00007fff483e0000 - 0x00007fff483f0000 	C:\Program Files\Android\Android Studio\jbr\bin\verify.dll
0x00007fff5cdf0000 - 0x00007fff5cfd4000 	C:\Windows\SYSTEM32\DBGHELP.DLL
0x00007fff45f40000 - 0x00007fff45f75000 	C:\Windows\SYSTEM32\dbgcore.DLL
0x00007fff5f310000 - 0x00007fff5f392000 	C:\Windows\System32\bcryptPrimitives.dll
0x00007fff48340000 - 0x00007fff48368000 	C:\Program Files\Android\Android Studio\jbr\bin\java.dll
0x00007fff483d0000 - 0x00007fff483da000 	C:\Program Files\Android\Android Studio\jbr\bin\jimage.dll
0x00007fff48320000 - 0x00007fff48338000 	C:\Program Files\Android\Android Studio\jbr\bin\zip.dll
0x00007fff5ff30000 - 0x00007fff60675000 	C:\Windows\System32\SHELL32.dll
0x00007fff5d210000 - 0x00007fff5d9a2000 	C:\Windows\SYSTEM32\windows.storage.dll
0x00007fff60950000 - 0x00007fff60ca5000 	C:\Windows\System32\combase.dll
0x00007fff5eaf0000 - 0x00007fff5eb20000 	C:\Windows\SYSTEM32\Wldp.dll
0x00007fff608a0000 - 0x00007fff6094d000 	C:\Windows\System32\SHCORE.dll
0x00007fff60ec0000 - 0x00007fff60f15000 	C:\Windows\System32\shlwapi.dll
0x00007fff5f0b0000 - 0x00007fff5f0cf000 	C:\Windows\SYSTEM32\profapi.dll
0x00007fff48300000 - 0x00007fff48319000 	C:\Program Files\Android\Android Studio\jbr\bin\net.dll
0x00007fff4f9a0000 - 0x00007fff4faaa000 	C:\Windows\SYSTEM32\WINHTTP.dll
0x00007fff5e850000 - 0x00007fff5e8ba000 	C:\Windows\system32\mswsock.dll
0x00007fff46b30000 - 0x00007fff46b43000 	C:\Program Files\Android\Android Studio\jbr\bin\nio.dll
0x00007fff469d0000 - 0x00007fff469f7000 	C:\Users\hp\.gradle\native\e1d6ef7f7dcc3fd88c89a11ec53ec762bb8ba0a96d01ffa2cd45eb1d1d8dd5c5\windows-amd64\native-platform.dll
0x00007fff29680000 - 0x00007fff297c4000 	C:\Users\hp\.gradle\native\0d407fdbe67a94daf76414ababcb853783967236a71b16ec16e742cd7a986fd3\windows-amd64\native-platform-file-events.dll
0x00007fff483c0000 - 0x00007fff483ca000 	C:\Program Files\Android\Android Studio\jbr\bin\management.dll
0x00007fff482a0000 - 0x00007fff482ab000 	C:\Program Files\Android\Android Studio\jbr\bin\management_ext.dll
0x00007fff5ea40000 - 0x00007fff5ea58000 	C:\Windows\SYSTEM32\CRYPTSP.dll
0x00007fff5e170000 - 0x00007fff5e1a4000 	C:\Windows\system32\rsaenh.dll
0x00007fff5f1e0000 - 0x00007fff5f207000 	C:\Windows\System32\bcrypt.dll
0x00007fff5f070000 - 0x00007fff5f09e000 	C:\Windows\SYSTEM32\USERENV.dll
0x00007fff5ea60000 - 0x00007fff5ea6c000 	C:\Windows\SYSTEM32\CRYPTBASE.dll
0x00007fff5e540000 - 0x00007fff5e57b000 	C:\Windows\SYSTEM32\IPHLPAPI.DLL
0x00007fff60d90000 - 0x00007fff60d98000 	C:\Windows\System32\NSI.dll
0x00007fff521a0000 - 0x00007fff521b7000 	C:\Windows\SYSTEM32\dhcpcsvc6.DLL
0x00007fff522f0000 - 0x00007fff5230d000 	C:\Windows\SYSTEM32\dhcpcsvc.DLL
0x00007fff5e580000 - 0x00007fff5e64b000 	C:\Windows\SYSTEM32\DNSAPI.dll

dbghelp: loaded successfully - version: 4.0.5 - missing functions: none
symbol engine: initialized successfully - sym options: 0x614 - pdb path: .;C:\Program Files\Android\Android Studio\jbr\bin;C:\Windows\SYSTEM32;C:\Windows\WinSxS\amd64_microsoft.windows.common-controls_6595b64144ccf1df_6.0.19041.1110_none_60b5254171f9507e;C:\Program Files\Android\Android Studio\jbr\bin\server;C:\Users\hp\.gradle\native\e1d6ef7f7dcc3fd88c89a11ec53ec762bb8ba0a96d01ffa2cd45eb1d1d8dd5c5\windows-amd64;C:\Users\hp\.gradle\native\0d407fdbe67a94daf76414ababcb853783967236a71b16ec16e742cd7a986fd3\windows-amd64

VM Arguments:
jvm_args: --add-opens=java.base/java.util=ALL-UNNAMED --add-opens=java.base/java.lang=ALL-UNNAMED --add-opens=java.base/java.lang.invoke=ALL-UNNAMED --add-opens=java.base/java.util=ALL-UNNAMED --add-opens=java.prefs/java.util.prefs=ALL-UNNAMED --add-opens=java.prefs/java.util.prefs=ALL-UNNAMED --add-opens=java.base/java.nio.charset=ALL-UNNAMED --add-opens=java.base/java.net=ALL-UNNAMED --add-opens=java.base/java.util.concurrent.atomic=ALL-UNNAMED -Xmx1536M -Dfile.encoding=windows-1252 -Duser.country=US -Duser.language=en -Duser.variant 
java_command: org.gradle.launcher.daemon.bootstrap.GradleDaemon 7.4
java_class_path (initial): C:\Users\hp\.gradle\wrapper\dists\gradle-7.4-all\aadb4xli5jkdsnukm30eibyiu\gradle-7.4\lib\gradle-launcher-7.4.jar
Launcher Type: SUN_STANDARD

[Global flags]
     intx CICompilerCount                          = 4                                         {product} {ergonomic}
     uint ConcGCThreads                            = 2                                         {product} {ergonomic}
     uint G1ConcRefinementThreads                  = 8                                         {product} {ergonomic}
   size_t G1HeapRegionSize                         = 1048576                                   {product} {ergonomic}
    uintx GCDrainStackTargetSize                   = 64                                        {product} {ergonomic}
   size_t InitialHeapSize                          = 130023424                                 {product} {ergonomic}
   size_t MarkStackSize                            = 4194304                                   {product} {ergonomic}
   size_t MaxHeapSize                              = 1610612736                                {product} {command line}
   size_t MaxNewSize                               = 965738496                                 {product} {ergonomic}
   size_t MinHeapDeltaBytes                        = 1048576                                   {product} {ergonomic}
    uintx NonNMethodCodeHeapSize                   = 5836300                                {pd product} {ergonomic}
    uintx NonProfiledCodeHeapSize                  = 122910970                              {pd product} {ergonomic}
    uintx ProfiledCodeHeapSize                     = 122910970                              {pd product} {ergonomic}
    uintx ReservedCodeCacheSize                    = 251658240                              {pd product} {ergonomic}
     bool SegmentedCodeCache                       = true                                      {product} {ergonomic}
     bool UseCompressedClassPointers               = true                                 {lp64_product} {ergonomic}
     bool UseCompressedOops                        = true                                 {lp64_product} {ergonomic}
     bool UseG1GC                                  = true                                      {product} {ergonomic}
     bool UseLargePagesIndividualAllocation        = false                                  {pd product} {ergonomic}

Logging:
Log output configuration:
 #0: stdout all=warning uptime,level,tags
 #1: stderr all=off uptime,level,tags

Environment Variables:
JAVA_HOME=C:\Program Files\Android\Android Studio\jbr
CLASSPATH=E:\flutter projects\Lets_do_Laces_Together-main\android\\gradle\wrapper\gradle-wrapper.jar
PATH=C:\src\flutter\bin\;C:\Program Files\Common Files\Oracle\Java\javapath;C:\Windows\system32;C:\Windows;C:\Windows\System32\Wbem;C:\Windows\System32\WindowsPowerShell\v1.0\;C:\Windows\System32\OpenSSH\;C:\Program Files (x86)\Intel\Intel(R) Management Engine Components\DAL;C:\Program Files\Intel\Intel(R) Management Engine Components\DAL;C:\Program Files\nodejs\;C:\Program Files\Java\jdk-19\bin;C:\Program Files\Git\cmd;C:\Users\hp\AppData\Local\Pub\Cache\bin;C:\Users\hp\AppData\Local\Programs\Python\Python311\Scripts\;C:\Users\hp\AppData\Local\Programs\Python\Python311\;C:\Users\hp\AppData\Local\Microsoft\WindowsApps;C:\Users\hp\AppData\Roaming\npm;C:\Users\hp\AppData\Local\Programs\Microsoft VS Code\bin;C:\src\flutter\bin;;C:\src\flutter\bin\mingit\cmd
USERNAME=hp
LANG=en_US.UTF-8
OS=Windows_NT
PROCESSOR_IDENTIFIER=Intel64 Family 6 Model 142 Stepping 10, GenuineIntel



---------------  S Y S T E M  ---------------

OS: Windows 10 , 64 bit Build 19041 (10.0.19041.2546)
OS uptime: 0 days 3:19 hours

CPU:total 8 (initial active 8) (4 cores per cpu, 2 threads per core) family 6 model 142 stepping 10 microcode 0xf0, cmov, cx8, fxsr, mmx, sse, sse2, sse3, ssse3, sse4.1, sse4.2, popcnt, avx, avx2, aes, clmul, erms, rtm, 3dnowpref, lzcnt, ht, tsc, tscinvbit, bmi1, bmi2, adx, fma

Memory: 4k page, system-wide physical 7811M (171M free)
TotalPageFile size 14061M (AvailPageFile size 0M)
current process WorkingSet (physical memory assigned to process): 185M, peak: 185M
current process commit charge ("private bytes"): 251M, peak: 252M

vm_info: OpenJDK 64-Bit Server VM (11.0.15+0-b2043.56-9505619) for windows-amd64 JRE (11.0.15+0-b2043.56-9505619), built on Jan 19 2023 02:48:00 by "builduser" with unknown MS VC++:1929

END.
